<?xml version="1.0" encoding="UTF-8"?>
<coverage generated="1751804684721" clover="3.2.0">
  <project timestamp="1751804684722" name="All files">
    <metrics statements="43" coveredstatements="27" conditionals="10" coveredconditionals="8" methods="9" coveredmethods="7" elements="62" coveredelements="42" complexity="0" loc="43" ncloc="43" packages="3" files="6" classes="6"/>
    <package name="src">
      <metrics statements="15" coveredstatements="0" conditionals="2" coveredconditionals="0" methods="2" coveredmethods="0"/>
      <file name="app.controller.ts" path="E:\Work Projects\BookBoost Middleware\bookboost-middleware\src\app.controller.ts">
        <metrics statements="4" coveredstatements="0" conditionals="0" coveredconditionals="0" methods="1" coveredmethods="0"/>
        <line num="1" count="0" type="stmt"/>
        <line num="2" count="0" type="stmt"/>
        <line num="5" count="0" type="stmt"/>
        <line num="6" count="0" type="stmt"/>
      </file>
      <file name="app.module.ts" path="E:\Work Projects\BookBoost Middleware\bookboost-middleware\src\app.module.ts">
        <metrics statements="4" coveredstatements="0" conditionals="0" coveredconditionals="0" methods="0" coveredmethods="0"/>
        <line num="1" count="0" type="stmt"/>
        <line num="2" count="0" type="stmt"/>
        <line num="3" count="0" type="stmt"/>
        <line num="10" count="0" type="stmt"/>
      </file>
      <file name="app.service.ts" path="E:\Work Projects\BookBoost Middleware\bookboost-middleware\src\app.service.ts">
        <metrics statements="2" coveredstatements="0" conditionals="0" coveredconditionals="0" methods="0" coveredmethods="0"/>
        <line num="1" count="0" type="stmt"/>
        <line num="4" count="0" type="stmt"/>
      </file>
      <file name="main.ts" path="E:\Work Projects\BookBoost Middleware\bookboost-middleware\src\main.ts">
        <metrics statements="5" coveredstatements="0" conditionals="2" coveredconditionals="0" methods="1" coveredmethods="0"/>
        <line num="1" count="0" type="stmt"/>
        <line num="2" count="0" type="stmt"/>
        <line num="5" count="0" type="stmt"/>
        <line num="6" count="0" type="cond" truecount="0" falsecount="2"/>
        <line num="8" count="0" type="stmt"/>
      </file>
    </package>
    <package name="src.config">
      <metrics statements="1" coveredstatements="0" conditionals="0" coveredconditionals="0" methods="0" coveredmethods="0"/>
      <file name="bookboost.config.ts" path="E:\Work Projects\BookBoost Middleware\bookboost-middleware\src\config\bookboost.config.ts">
        <metrics statements="1" coveredstatements="0" conditionals="0" coveredconditionals="0" methods="0" coveredmethods="0"/>
        <line num="1" count="0" type="stmt"/>
      </file>
    </package>
    <package name="src.modules.bookboost">
      <metrics statements="27" coveredstatements="27" conditionals="8" coveredconditionals="8" methods="7" coveredmethods="7"/>
      <file name="bookboost.service.ts" path="E:\Work Projects\BookBoost Middleware\bookboost-middleware\src\modules\bookboost\bookboost.service.ts">
        <metrics statements="27" coveredstatements="27" conditionals="8" coveredconditionals="8" methods="7" coveredmethods="7"/>
        <line num="1" count="2" type="stmt"/>
        <line num="2" count="2" type="stmt"/>
        <line num="3" count="2" type="stmt"/>
        <line num="5" count="2" type="stmt"/>
        <line num="8" count="2" type="stmt"/>
        <line num="9" count="31" type="stmt"/>
        <line num="10" count="31" type="stmt"/>
        <line num="12" count="31" type="stmt"/>
        <line num="15" count="408" type="stmt"/>
        <line num="25" count="284" type="stmt"/>
        <line num="26" count="284" type="stmt"/>
        <line num="31" count="257" type="stmt"/>
        <line num="33" count="27" type="stmt"/>
        <line num="41" count="3" type="stmt"/>
        <line num="42" count="3" type="stmt"/>
        <line num="54" count="2" type="stmt"/>
        <line num="62" count="24" type="stmt"/>
        <line num="63" count="24" type="stmt"/>
        <line num="74" count="2" type="stmt"/>
        <line num="86" count="96" type="stmt"/>
        <line num="88" count="96" type="cond" truecount="2" falsecount="0"/>
        <line num="92" count="96" type="stmt"/>
        <line num="96" count="4" type="stmt"/>
        <line num="104" count="38" type="cond" truecount="2" falsecount="0"/>
        <line num="105" count="38" type="cond" truecount="2" falsecount="0"/>
        <line num="106" count="38" type="cond" truecount="2" falsecount="0"/>
        <line num="107" count="38" type="stmt"/>
      </file>
    </package>
  </project>
</coverage>
