{"E:\\Work Projects\\BookBoost Middleware\\bookboost-middleware\\src\\app.controller.ts": {"path":"E:\\Work Projects\\BookBoost Middleware\\bookboost-middleware\\src\\app.controller.ts","statementMap":{"0":{"start":{"line":1,"column":0},"end":{"line":1,"column":49}},"1":{"start":{"line":2,"column":0},"end":{"line":2,"column":43}},"2":{"start":{"line":5,"column":7},"end":{"line":7,"column":null}},"3":{"start":{"line":6,"column":31},"end":{"line":6,"column":43}},"4":{"start":{"line":5,"column":13},"end":{"line":5,"column":26}},"5":{"start":{"line":5,"column":13},"end":{"line":7,"column":null}}},"fnMap":{"0":{"name":"(anonymous_2)","decl":{"start":{"line":6,"column":2},"end":{"line":6,"column":31}},"loc":{"start":{"line":6,"column":53},"end":{"line":6,"column":57}}}},"branchMap":{},"s":{"0":0,"1":0,"2":0,"3":0,"4":0,"5":0},"f":{"0":0},"b":{}}
,"E:\\Work Projects\\BookBoost Middleware\\bookboost-middleware\\src\\app.module.ts": {"path":"E:\\Work Projects\\BookBoost Middleware\\bookboost-middleware\\src\\app.module.ts","statementMap":{"0":{"start":{"line":1,"column":0},"end":{"line":1,"column":40}},"1":{"start":{"line":2,"column":0},"end":{"line":2,"column":49}},"2":{"start":{"line":3,"column":0},"end":{"line":3,"column":43}},"3":{"start":{"line":10,"column":7},"end":{"line":10,"column":null}},"4":{"start":{"line":10,"column":13},"end":{"line":10,"column":22}},"5":{"start":{"line":10,"column":13},"end":{"line":10,"column":null}}},"fnMap":{},"branchMap":{},"s":{"0":0,"1":0,"2":0,"3":0,"4":0,"5":0},"f":{},"b":{}}
,"E:\\Work Projects\\BookBoost Middleware\\bookboost-middleware\\src\\app.service.ts": {"path":"E:\\Work Projects\\BookBoost Middleware\\bookboost-middleware\\src\\app.service.ts","statementMap":{"0":{"start":{"line":1,"column":0},"end":{"line":1,"column":44}},"1":{"start":{"line":4,"column":7},"end":{"line":4,"column":null}},"2":{"start":{"line":4,"column":13},"end":{"line":4,"column":23}},"3":{"start":{"line":4,"column":13},"end":{"line":4,"column":null}}},"fnMap":{},"branchMap":{},"s":{"0":0,"1":0,"2":0,"3":0},"f":{},"b":{}}
,"E:\\Work Projects\\BookBoost Middleware\\bookboost-middleware\\src\\main.ts": {"path":"E:\\Work Projects\\BookBoost Middleware\\bookboost-middleware\\src\\main.ts","statementMap":{"0":{"start":{"line":1,"column":0},"end":{"line":1,"column":43}},"1":{"start":{"line":2,"column":0},"end":{"line":2,"column":41}},"2":{"start":{"line":5,"column":14},"end":{"line":5,"column":49}},"3":{"start":{"line":6,"column":2},"end":{"line":6,"column":45}},"4":{"start":{"line":8,"column":0},"end":{"line":8,"column":12}}},"fnMap":{"0":{"name":"bootstrap","decl":{"start":{"line":4,"column":15},"end":{"line":4,"column":24}},"loc":{"start":{"line":4,"column":24},"end":{"line":7,"column":1}}}},"branchMap":{"0":{"loc":{"start":{"line":6,"column":19},"end":{"line":6,"column":43}},"type":"binary-expr","locations":[{"start":{"line":6,"column":19},"end":{"line":6,"column":35}},{"start":{"line":6,"column":39},"end":{"line":6,"column":43}}]}},"s":{"0":0,"1":0,"2":0,"3":0,"4":0},"f":{"0":0},"b":{"0":[0,0]}}
,"E:\\Work Projects\\BookBoost Middleware\\bookboost-middleware\\src\\config\\bookboost.config.ts": {"path":"E:\\Work Projects\\BookBoost Middleware\\bookboost-middleware\\src\\config\\bookboost.config.ts","statementMap":{"0":{"start":{"line":1,"column":13},"end":{"line":4,"column":null}}},"fnMap":{},"branchMap":{},"s":{"0":0},"f":{},"b":{}}
,"E:\\Work Projects\\BookBoost Middleware\\bookboost-middleware\\src\\modules\\bookboost\\bookboost.service.ts": {"path":"E:\\Work Projects\\BookBoost Middleware\\bookboost-middleware\\src\\modules\\bookboost\\bookboost.service.ts","statementMap":{"0":{"start":{"line":1,"column":0},"end":{"line":1,"column":71}},"1":{"start":{"line":2,"column":0},"end":{"line":2,"column":44}},"2":{"start":{"line":3,"column":0},"end":{"line":3,"column":53}},"3":{"start":{"line":5,"column":0},"end":{"line":5,"column":64}},"4":{"start":{"line":8,"column":7},"end":{"line":109,"column":null}},"5":{"start":{"line":9,"column":29},"end":{"line":9,"column":53}},"6":{"start":{"line":10,"column":27},"end":{"line":10,"column":48}},"7":{"start":{"line":12,"column":31},"end":{"line":12,"column":37}},"8":{"start":{"line":15,"column":4},"end":{"line":18,"column":6}},"9":{"start":{"line":25,"column":4},"end":{"line":34,"column":5}},"10":{"start":{"line":26,"column":23},"end":{"line":29,"column":null}},"11":{"start":{"line":31,"column":6},"end":{"line":31,"column":27}},"12":{"start":{"line":33,"column":6},"end":{"line":33,"column":44}},"13":{"start":{"line":41,"column":4},"end":{"line":55,"column":5}},"14":{"start":{"line":42,"column":6},"end":{"line":52,"column":8}},"15":{"start":{"line":54,"column":6},"end":{"line":54,"column":49}},"16":{"start":{"line":62,"column":4},"end":{"line":75,"column":5}},"17":{"start":{"line":63,"column":6},"end":{"line":72,"column":8}},"18":{"start":{"line":74,"column":6},"end":{"line":74,"column":41}},"19":{"start":{"line":86,"column":4},"end":{"line":97,"column":5}},"20":{"start":{"line":88,"column":8},"end":{"line":90,"column":41}},"21":{"start":{"line":92,"column":6},"end":{"line":94,"column":8}},"22":{"start":{"line":96,"column":6},"end":{"line":96,"column":45}},"23":{"start":{"line":104,"column":16},"end":{"line":104,"column":97}},"24":{"start":{"line":105,"column":19},"end":{"line":105,"column":78}},"25":{"start":{"line":106,"column":4},"end":{"line":106,"column":52}},"26":{"start":{"line":107,"column":4},"end":{"line":107,"column":41}},"27":{"start":{"line":8,"column":13},"end":{"line":8,"column":29}},"28":{"start":{"line":8,"column":13},"end":{"line":109,"column":null}}},"fnMap":{"0":{"name":"(anonymous_2)","decl":{"start":{"line":12,"column":2},"end":{"line":12,"column":31}},"loc":{"start":{"line":12,"column":48},"end":{"line":12,"column":52}}},"1":{"name":"(anonymous_3)","decl":{"start":{"line":14,"column":10},"end":{"line":14,"column":20}},"loc":{"start":{"line":14,"column":20},"end":{"line":19,"column":3}}},"2":{"name":"(anonymous_4)","decl":{"start":{"line":24,"column":2},"end":{"line":24,"column":7}},"loc":{"start":{"line":24,"column":35},"end":{"line":35,"column":3}}},"3":{"name":"(anonymous_5)","decl":{"start":{"line":40,"column":2},"end":{"line":40,"column":7}},"loc":{"start":{"line":40,"column":58},"end":{"line":56,"column":3}}},"4":{"name":"(anonymous_6)","decl":{"start":{"line":61,"column":2},"end":{"line":61,"column":7}},"loc":{"start":{"line":61,"column":46},"end":{"line":76,"column":3}}},"5":{"name":"(anonymous_7)","decl":{"start":{"line":81,"column":2},"end":{"line":81,"column":7}},"loc":{"start":{"line":85,"column":3},"end":{"line":98,"column":3}}},"6":{"name":"(anonymous_8)","decl":{"start":{"line":103,"column":10},"end":{"line":103,"column":21}},"loc":{"start":{"line":103,"column":48},"end":{"line":108,"column":3}}}},"branchMap":{"0":{"loc":{"start":{"line":88,"column":8},"end":{"line":90,"column":41}},"type":"cond-expr","locations":[{"start":{"line":89,"column":12},"end":{"line":89,"column":43}},{"start":{"line":90,"column":12},"end":{"line":90,"column":41}}]},"1":{"loc":{"start":{"line":104,"column":48},"end":{"line":104,"column":95}},"type":"binary-expr","locations":[{"start":{"line":104,"column":48},"end":{"line":104,"column":78}},{"start":{"line":104,"column":82},"end":{"line":104,"column":95}}]},"2":{"loc":{"start":{"line":105,"column":19},"end":{"line":105,"column":78}},"type":"binary-expr","locations":[{"start":{"line":105,"column":19},"end":{"line":105,"column":42}},{"start":{"line":105,"column":46},"end":{"line":105,"column":78}}]},"3":{"loc":{"start":{"line":106,"column":23},"end":{"line":106,"column":50}},"type":"binary-expr","locations":[{"start":{"line":106,"column":23},"end":{"line":106,"column":44}},{"start":{"line":106,"column":48},"end":{"line":106,"column":50}}]}},"s":{"0":2,"1":2,"2":2,"3":2,"4":2,"5":31,"6":31,"7":31,"8":408,"9":284,"10":284,"11":257,"12":27,"13":3,"14":3,"15":2,"16":24,"17":24,"18":2,"19":96,"20":96,"21":96,"22":4,"23":38,"24":38,"25":38,"26":38,"27":2,"28":2},"f":{"0":31,"1":408,"2":284,"3":3,"4":24,"5":96,"6":38},"b":{"0":[68,28],"1":[38,8],"2":[38,5],"3":[38,8]}}
}
