TN:
SF:src\app.controller.ts
FN:6,(anonymous_2)
FNF:1
FNH:0
FNDA:0,(anonymous_2)
DA:1,0
DA:2,0
DA:5,0
DA:6,0
LF:4
LH:0
BRF:0
BRH:0
end_of_record
TN:
SF:src\app.module.ts
FNF:0
FNH:0
DA:1,0
DA:2,0
DA:3,0
DA:10,0
LF:4
LH:0
BRF:0
BRH:0
end_of_record
TN:
SF:src\app.service.ts
FNF:0
FNH:0
DA:1,0
DA:4,0
LF:2
LH:0
BRF:0
BRH:0
end_of_record
TN:
SF:src\main.ts
FN:4,bootstrap
FNF:1
FNH:0
FNDA:0,bootstrap
DA:1,0
DA:2,0
DA:5,0
DA:6,0
DA:8,0
LF:5
LH:0
BRDA:6,0,0,0
BRDA:6,0,1,0
BRF:2
BRH:0
end_of_record
TN:
SF:src\config\bookboost.config.ts
FNF:0
FNH:0
DA:1,0
LF:1
LH:0
BRF:0
BRH:0
end_of_record
TN:
SF:src\modules\bookboost\bookboost.service.ts
FN:12,(anonymous_2)
FN:14,(anonymous_3)
FN:24,(anonymous_4)
FN:40,(anonymous_5)
FN:61,(anonymous_6)
FN:81,(anonymous_7)
FN:103,(anonymous_8)
FNF:7
FNH:7
FNDA:31,(anonymous_2)
FNDA:408,(anonymous_3)
FNDA:284,(anonymous_4)
FNDA:3,(anonymous_5)
FNDA:24,(anonymous_6)
FNDA:96,(anonymous_7)
FNDA:38,(anonymous_8)
DA:1,2
DA:2,2
DA:3,2
DA:5,2
DA:8,2
DA:9,31
DA:10,31
DA:12,31
DA:15,408
DA:25,284
DA:26,284
DA:31,257
DA:33,27
DA:41,3
DA:42,3
DA:54,2
DA:62,24
DA:63,24
DA:74,2
DA:86,96
DA:88,96
DA:92,96
DA:96,4
DA:104,38
DA:105,38
DA:106,38
DA:107,38
LF:27
LH:27
BRDA:88,0,0,68
BRDA:88,0,1,28
BRDA:104,1,0,38
BRDA:104,1,1,8
BRDA:105,2,0,38
BRDA:105,2,1,5
BRDA:106,3,0,38
BRDA:106,3,1,8
BRF:8
BRH:8
end_of_record
